<?xml version="1.0" encoding="UTF-8"?>
<testsuite xmlns:xsi="http://www.w3.org/2001/XMLSchema-instance" xsi:noNamespaceSchemaLocation="https://maven.apache.org/surefire/maven-surefire-plugin/xsd/surefire-test-report-3.0.xsd" version="3.0" name="com.optionalgo.OptionAlgoApplicationTests" time="10.584" tests="1" errors="0" skipped="0" failures="0">
  <properties>
[...]
</properties>
  <testcase name="contextLoads" classname="com.optionalgo.OptionAlgoApplicationTests" time="1.019">
    <system-out><![CDATA[19:07:10.841 [main] INFO org.springframework.test.context.support.AnnotationConfigContextLoaderUtils -- Could not detect default configuration classes for test class [com.optionalgo.OptionAlgoApplicationTests]: OptionAlgoApplicationTests does not declare any static, non-private, non-final, nested classes annotated with @Configuration.
19:07:11.081 [main] INFO org.springframework.boot.test.context.SpringBootTestContextBootstrapper -- Found @SpringBootConfiguration com.optionalgo.OptionAlgoApplication for test class com.optionalgo.OptionAlgoApplicationTests

  .   ____          _            __ _ _
 /\\ / ___'_ __ _ _(_)_ __  __ _ \ \ \ \
( ( )\___ | '_ | '_| | '_ \/ _` | \ \ \ \
 \\/  ___)| |_)| | | | | || (_| |  ) ) ) )
  '  |____| .__|_| |_|_| |_\__, | / / / /
 =========|_|==============|___/=/_/_/_/
 :: Spring Boot ::                (v3.2.5)

2025-10-13T19:07:11.985+05:30  INFO 22224 --- [OptionAlgo] [           main] c.optionalgo.OptionAlgoApplicationTests  : Starting OptionAlgoApplicationTests using Java 21.0.8 with PID 22224 (started by shiva in C:\OptionAlgo)
2025-10-13T19:07:11.988+05:30  INFO 22224 --- [OptionAlgo] [           main] c.optionalgo.OptionAlgoApplicationTests  : No active profile set, falling back to 1 default profile: "default"
2025-10-13T19:07:13.220+05:30  INFO 22224 --- [OptionAlgo] [           main] .s.d.r.c.RepositoryConfigurationDelegate : Bootstrapping Spring Data JPA repositories in DEFAULT mode.
2025-10-13T19:07:13.345+05:30  INFO 22224 --- [OptionAlgo] [           main] .s.d.r.c.RepositoryConfigurationDelegate : Finished Spring Data repository scanning in 112 ms. Found 1 JPA repository interface.
2025-10-13T19:07:14.506+05:30  INFO 22224 --- [OptionAlgo] [           main] o.hibernate.jpa.internal.util.LogHelper  : HHH000204: Processing PersistenceUnitInfo [name: default]
2025-10-13T19:07:14.683+05:30  INFO 22224 --- [OptionAlgo] [           main] org.hibernate.Version                    : HHH000412: Hibernate ORM core version 6.4.4.Final
2025-10-13T19:07:14.759+05:30  INFO 22224 --- [OptionAlgo] [           main] o.h.c.internal.RegionFactoryInitiator    : HHH000026: Second-level cache disabled
2025-10-13T19:07:15.280+05:30  INFO 22224 --- [OptionAlgo] [           main] o.s.o.j.p.SpringPersistenceUnitInfo      : No LoadTimeWeaver setup: ignoring JPA class transformer
2025-10-13T19:07:15.338+05:30  INFO 22224 --- [OptionAlgo] [           main] com.zaxxer.hikari.HikariDataSource       : HikariPool-1 - Starting...
2025-10-13T19:07:16.045+05:30  INFO 22224 --- [OptionAlgo] [           main] com.zaxxer.hikari.pool.HikariPool        : HikariPool-1 - Added connection com.mysql.cj.jdbc.ConnectionImpl@faec277
2025-10-13T19:07:16.062+05:30  INFO 22224 --- [OptionAlgo] [           main] com.zaxxer.hikari.HikariDataSource       : HikariPool-1 - Start completed.
2025-10-13T19:07:16.176+05:30  WARN 22224 --- [OptionAlgo] [           main] org.hibernate.orm.deprecation            : HHH90000025: MySQLDialect does not need to be specified explicitly using 'hibernate.dialect' (remove the property setting and it will be selected by default)
2025-10-13T19:07:17.902+05:30  INFO 22224 --- [OptionAlgo] [           main] o.h.e.t.j.p.i.JtaPlatformInitiator       : HHH000489: No JTA platform available (set 'hibernate.transaction.jta.platform' to enable JTA platform integration)
2025-10-13T19:07:18.133+05:30  INFO 22224 --- [OptionAlgo] [           main] j.LocalContainerEntityManagerFactoryBean : Initialized JPA EntityManagerFactory for persistence unit 'default'
2025-10-13T19:07:19.005+05:30  WARN 22224 --- [OptionAlgo] [           main] JpaBaseConfiguration$JpaWebConfiguration : spring.jpa.open-in-view is enabled by default. Therefore, database queries may be performed during view rendering. Explicitly configure spring.jpa.open-in-view to disable this warning
2025-10-13T19:07:20.002+05:30  INFO 22224 --- [OptionAlgo] [           main] c.optionalgo.OptionAlgoApplicationTests  : Started OptionAlgoApplicationTests in 8.585 seconds (process running for 10.579)
]]></system-out>
    <system-err><![CDATA[WARNING: A Java agent has been loaded dynamically (C:\Users\shiva\.m2\repository\net\bytebuddy\byte-buddy-agent\1.14.13\byte-buddy-agent-1.14.13.jar)
WARNING: If a serviceability tool is in use, please run with -XX:+EnableDynamicAgentLoading to hide this warning
WARNING: If a serviceability tool is not in use, please run with -Djdk.instrument.traceUsage for more information
WARNING: Dynamic loading of agents will be disallowed by default in a future release
]]></system-err>
  </testcase>
</testsuite>